<?xml version="1.0" encoding="UTF-8"?>
<testExecutions version="1">
  <file path="/home/rahulabrol1104/TestApp/test/service.test.js">
    <testCase name="should test Service when #list method succeeds" duration="3"/>
    <testCase name="should test Service when #list method fails" duration="1"/>
  </file>
  <file path="/home/rahulabrol1104/TestApp/test/router.test.js">
    <testCase name="should test router should test get posts" duration="7"/>
  </file>
  <file path="/home/rahulabrol1104/TestApp/test/controller.test.js">
    <testCase name="should test controller when #getPost method method succeeds" duration="3"/>
    <testCase name="should test controller when #getPost method method fails" duration="1"/>
  </file>
</testExecutions>